<?xml version="1.0" encoding="UTF-8"?>
<testng-results ignored="0" total="1" passed="1" failed="0" skipped="0">
  <reporter-output>
  </reporter-output>
  <suite started-at="2023-03-20T00:26:52 EET" name="Default suite" finished-at="2023-03-20T00:28:06 EET" duration-ms="73843">
    <groups>
    </groups>
    <test started-at="2023-03-20T00:26:52 EET" name="Default test" finished-at="2023-03-20T00:28:06 EET" duration-ms="73843">
      <class name="TestCases">
        <test-method is-config="true" signature="my_setup()[pri:0, instance:TestCases@5af3afd9]" started-at="2023-03-20T00:26:52 EET" name="my_setup" finished-at="2023-03-20T00:26:58 EET" duration-ms="6118" status="PASS">
          <reporter-output>
          </reporter-output>
        </test-method> <!-- my_setup -->
        <test-method signature="fiveTimeReorder()[pri:6, instance:TestCases@5af3afd9]" started-at="2023-03-20T00:26:58 EET" name="fiveTimeReorder" finished-at="2023-03-20T00:28:06 EET" duration-ms="67653" status="PASS">
          <reporter-output>
          </reporter-output>
        </test-method> <!-- fiveTimeReorder -->
      </class> <!-- TestCases -->
    </test> <!-- Default test -->
  </suite> <!-- Default suite -->
</testng-results>
